<?xml version="1.0" encoding="UTF-8"?>
<testng-results ignored="0" total="1" passed="1" failed="0" skipped="0">
  <reporter-output>
  </reporter-output>
  <suite started-at="2024-10-05T23:18:38 IST" name="Default suite" finished-at="2024-10-05T23:20:18 IST" duration-ms="100004">
    <groups>
    </groups>
    <test started-at="2024-10-05T23:18:38 IST" name="Default test" finished-at="2024-10-05T23:20:18 IST" duration-ms="100004">
      <class name="Projectinautomation.Automationfinalproject">
        <test-method is-config="true" signature="setup()[pri:0, instance:Projectinautomation.Automationfinalproject@60bd273d]" started-at="2024-10-05T23:18:38 IST" name="setup" finished-at="2024-10-05T23:18:40 IST" duration-ms="2134" status="PASS">
          <reporter-output>
          </reporter-output>
        </test-method> <!-- setup -->
        <test-method is-config="true" signature="urlload()[pri:0, instance:Projectinautomation.Automationfinalproject@60bd273d]" started-at="2024-10-05T23:18:40 IST" name="urlload" finished-at="2024-10-05T23:18:45 IST" duration-ms="5353" status="PASS">
          <reporter-output>
          </reporter-output>
        </test-method> <!-- urlload -->
        <test-method signature="test1()[pri:0, instance:Projectinautomation.Automationfinalproject@60bd273d]" started-at="2024-10-05T23:18:45 IST" name="test1" finished-at="2024-10-05T23:20:18 IST" duration-ms="92470" status="PASS">
          <reporter-output>
          </reporter-output>
        </test-method> <!-- test1 -->
      </class> <!-- Projectinautomation.Automationfinalproject -->
    </test> <!-- Default test -->
  </suite> <!-- Default suite -->
</testng-results>
